<?xml version="1.0" encoding="UTF-8"?>
<!-- Generated by org.testng.reporters.JUnitReportReporter -->
<testsuite hostname="Monikas-MacBook-Air.local" failures="0" tests="1" name="com.spotify.oauth2.api.TokenManager" time="1.077" errors="0" timestamp="2024-08-24T20:44:17 IST" skipped="0">
  <testcase classname="com.spotify.oauth2.api.TokenManager" name="renewTokenWithProperties" time="1.077"/>
</testsuite> <!-- com.spotify.oauth2.api.TokenManager -->
