<?xml version="1.0" encoding="UTF-8"?>
<!-- Generated by org.testng.reporters.JUnitReportReporter -->
<testsuite hostname="Monikas-MacBook-Air.local" failures="0" tests="1" name="spotify.oauth2.tests.PlayListTests" time="0.558" errors="0" timestamp="2024-08-19T00:28:28 IST" skipped="0">
  <testcase classname="spotify.oauth2.tests.PlayListTests" name="getPlaylist" time="0.558"/>
</testsuite> <!-- spotify.oauth2.tests.PlayListTests -->
